<?xml version="1.0" encoding="UTF-8"?>
<testsuite name="com.bridgelabz.moodanalysertest.MoodAnalyserTest" tests="1" skipped="0" failures="0" errors="0" timestamp="2021-03-20T19:10:44" hostname="LAPTOP-2B0EPGRS" time="0.078">
  <properties/>
  <testcase name="moodAnalysis_WhenMessageDoNotCotainSAD_ShouldReturn_HAPPY()" classname="com.bridgelabz.moodanalysertest.MoodAnalyserTest" time="0.078"/>
  <system-out><![CDATA[]]></system-out>
  <system-err><![CDATA[]]></system-err>
</testsuite>
